2024-03-09 22:57:12.579 [main] INFO  com.jeecg.modules.JimuReportApplication:55 - Starting JimuReportApplication using Java 1.8.0_401 on DESKTOP-UL66MGL with PID 4608 (E:\Code repositories\Learning Projects\JimuReport\jimureport-example\target\classes started by chnpng wng in E:\Code repositories\Learning Projects\JimuReport\jimureport-example)
2024-03-09 22:57:12.583 [main] INFO  com.jeecg.modules.JimuReportApplication:637 - The following 1 profile is active: "dev"
2024-03-09 22:57:13.418 [main] INFO  o.j.minidao.auto.MinidaoAutoConfiguration:23 -  ******************* init miniDao config [ begin ] *********************** 
2024-03-09 22:57:13.419 [main] INFO  o.j.minidao.auto.MinidaoAutoConfiguration:25 -  ------ minidao.base-package ------- org.jeecg.modules.jmreport.*
2024-03-09 22:57:13.419 [main] INFO  o.j.minidao.auto.MinidaoAutoConfiguration:42 -  *******************  init miniDao config  [ end ] *********************** 
2024-03-09 22:57:13.515 [main] INFO  o.j.minidao.factory.MiniDaoClassPathMapperScanner:48 - register minidao name is { org.jeecg.modules.jmreport.desreport.dao.JimuReportDao }
2024-03-09 22:57:13.516 [main] INFO  o.j.minidao.factory.MiniDaoClassPathMapperScanner:48 - register minidao name is { org.jeecg.modules.jmreport.desreport.dao.JimuReportDataSourceDao }
2024-03-09 22:57:13.516 [main] INFO  o.j.minidao.factory.MiniDaoClassPathMapperScanner:48 - register minidao name is { org.jeecg.modules.jmreport.desreport.dao.JimuReportDbDao }
2024-03-09 22:57:13.516 [main] INFO  o.j.minidao.factory.MiniDaoClassPathMapperScanner:48 - register minidao name is { org.jeecg.modules.jmreport.desreport.dao.JimuReportDbFieldDao }
2024-03-09 22:57:13.516 [main] INFO  o.j.minidao.factory.MiniDaoClassPathMapperScanner:48 - register minidao name is { org.jeecg.modules.jmreport.desreport.dao.JimuReportDbParamDao }
2024-03-09 22:57:13.516 [main] INFO  o.j.minidao.factory.MiniDaoClassPathMapperScanner:48 - register minidao name is { org.jeecg.modules.jmreport.desreport.dao.JimuReportDictDao }
2024-03-09 22:57:13.516 [main] INFO  o.j.minidao.factory.MiniDaoClassPathMapperScanner:48 - register minidao name is { org.jeecg.modules.jmreport.desreport.dao.JimuReportDictItemDao }
2024-03-09 22:57:13.516 [main] INFO  o.j.minidao.factory.MiniDaoClassPathMapperScanner:48 - register minidao name is { org.jeecg.modules.jmreport.desreport.dao.JimuReportLinkDao }
2024-03-09 22:57:13.516 [main] INFO  o.j.minidao.factory.MiniDaoClassPathMapperScanner:48 - register minidao name is { org.jeecg.modules.jmreport.desreport.dao.JimuReportMapDao }
2024-03-09 22:57:13.516 [main] INFO  o.j.minidao.factory.MiniDaoClassPathMapperScanner:48 - register minidao name is { org.jeecg.modules.jmreport.desreport.dao.JimuReportShareDao }
2024-03-09 22:57:13.726 [main] INFO  o.s.c.s.PostProcessorRegistrationDelegate$BeanPostProcessorChecker:376 - Bean '(inner bean)#77e7246b#9' of type [org.jeecgframework.minidao.aop.MiniDaoHandler] is not eligible for getting processed by all BeanPostProcessors (for example: not eligible for auto-proxying)
2024-03-09 22:57:13.731 [main] INFO  o.s.c.s.PostProcessorRegistrationDelegate$BeanPostProcessorChecker:376 - Bean 'jimuReportShareDao' of type [org.jeecgframework.minidao.factory.MiniDaoBeanFactory] is not eligible for getting processed by all BeanPostProcessors (for example: not eligible for auto-proxying)
2024-03-09 22:57:13.732 [main] INFO  o.s.c.s.PostProcessorRegistrationDelegate$BeanPostProcessorChecker:376 - Bean '(inner bean)#77e7246b#8' of type [org.jeecgframework.minidao.aop.MiniDaoHandler] is not eligible for getting processed by all BeanPostProcessors (for example: not eligible for auto-proxying)
2024-03-09 22:57:13.733 [main] INFO  o.s.c.s.PostProcessorRegistrationDelegate$BeanPostProcessorChecker:376 - Bean 'jimuReportMapDao' of type [org.jeecgframework.minidao.factory.MiniDaoBeanFactory] is not eligible for getting processed by all BeanPostProcessors (for example: not eligible for auto-proxying)
2024-03-09 22:57:13.734 [main] INFO  o.s.c.s.PostProcessorRegistrationDelegate$BeanPostProcessorChecker:376 - Bean '(inner bean)#77e7246b#7' of type [org.jeecgframework.minidao.aop.MiniDaoHandler] is not eligible for getting processed by all BeanPostProcessors (for example: not eligible for auto-proxying)
2024-03-09 22:57:13.735 [main] INFO  o.s.c.s.PostProcessorRegistrationDelegate$BeanPostProcessorChecker:376 - Bean 'jimuReportLinkDao' of type [org.jeecgframework.minidao.factory.MiniDaoBeanFactory] is not eligible for getting processed by all BeanPostProcessors (for example: not eligible for auto-proxying)
2024-03-09 22:57:13.736 [main] INFO  o.s.c.s.PostProcessorRegistrationDelegate$BeanPostProcessorChecker:376 - Bean '(inner bean)#77e7246b#6' of type [org.jeecgframework.minidao.aop.MiniDaoHandler] is not eligible for getting processed by all BeanPostProcessors (for example: not eligible for auto-proxying)
2024-03-09 22:57:13.737 [main] INFO  o.s.c.s.PostProcessorRegistrationDelegate$BeanPostProcessorChecker:376 - Bean 'jimuReportDictItemDao' of type [org.jeecgframework.minidao.factory.MiniDaoBeanFactory] is not eligible for getting processed by all BeanPostProcessors (for example: not eligible for auto-proxying)
2024-03-09 22:57:13.739 [main] INFO  o.s.c.s.PostProcessorRegistrationDelegate$BeanPostProcessorChecker:376 - Bean '(inner bean)#77e7246b#5' of type [org.jeecgframework.minidao.aop.MiniDaoHandler] is not eligible for getting processed by all BeanPostProcessors (for example: not eligible for auto-proxying)
2024-03-09 22:57:13.739 [main] INFO  o.s.c.s.PostProcessorRegistrationDelegate$BeanPostProcessorChecker:376 - Bean 'jimuReportDictDao' of type [org.jeecgframework.minidao.factory.MiniDaoBeanFactory] is not eligible for getting processed by all BeanPostProcessors (for example: not eligible for auto-proxying)
2024-03-09 22:57:13.740 [main] INFO  o.s.c.s.PostProcessorRegistrationDelegate$BeanPostProcessorChecker:376 - Bean '(inner bean)#77e7246b#4' of type [org.jeecgframework.minidao.aop.MiniDaoHandler] is not eligible for getting processed by all BeanPostProcessors (for example: not eligible for auto-proxying)
2024-03-09 22:57:13.741 [main] INFO  o.s.c.s.PostProcessorRegistrationDelegate$BeanPostProcessorChecker:376 - Bean 'jimuReportDbParamDao' of type [org.jeecgframework.minidao.factory.MiniDaoBeanFactory] is not eligible for getting processed by all BeanPostProcessors (for example: not eligible for auto-proxying)
2024-03-09 22:57:13.742 [main] INFO  o.s.c.s.PostProcessorRegistrationDelegate$BeanPostProcessorChecker:376 - Bean '(inner bean)#77e7246b#3' of type [org.jeecgframework.minidao.aop.MiniDaoHandler] is not eligible for getting processed by all BeanPostProcessors (for example: not eligible for auto-proxying)
2024-03-09 22:57:13.743 [main] INFO  o.s.c.s.PostProcessorRegistrationDelegate$BeanPostProcessorChecker:376 - Bean 'jimuReportDbFieldDao' of type [org.jeecgframework.minidao.factory.MiniDaoBeanFactory] is not eligible for getting processed by all BeanPostProcessors (for example: not eligible for auto-proxying)
2024-03-09 22:57:13.744 [main] INFO  o.s.c.s.PostProcessorRegistrationDelegate$BeanPostProcessorChecker:376 - Bean '(inner bean)#77e7246b#2' of type [org.jeecgframework.minidao.aop.MiniDaoHandler] is not eligible for getting processed by all BeanPostProcessors (for example: not eligible for auto-proxying)
2024-03-09 22:57:13.744 [main] INFO  o.s.c.s.PostProcessorRegistrationDelegate$BeanPostProcessorChecker:376 - Bean 'jimuReportDbDao' of type [org.jeecgframework.minidao.factory.MiniDaoBeanFactory] is not eligible for getting processed by all BeanPostProcessors (for example: not eligible for auto-proxying)
2024-03-09 22:57:13.745 [main] INFO  o.s.c.s.PostProcessorRegistrationDelegate$BeanPostProcessorChecker:376 - Bean '(inner bean)#77e7246b#1' of type [org.jeecgframework.minidao.aop.MiniDaoHandler] is not eligible for getting processed by all BeanPostProcessors (for example: not eligible for auto-proxying)
2024-03-09 22:57:13.746 [main] INFO  o.s.c.s.PostProcessorRegistrationDelegate$BeanPostProcessorChecker:376 - Bean 'jimuReportDataSourceDao' of type [org.jeecgframework.minidao.factory.MiniDaoBeanFactory] is not eligible for getting processed by all BeanPostProcessors (for example: not eligible for auto-proxying)
2024-03-09 22:57:13.747 [main] INFO  o.s.c.s.PostProcessorRegistrationDelegate$BeanPostProcessorChecker:376 - Bean '(inner bean)#77e7246b' of type [org.jeecgframework.minidao.aop.MiniDaoHandler] is not eligible for getting processed by all BeanPostProcessors (for example: not eligible for auto-proxying)
2024-03-09 22:57:13.747 [main] INFO  o.s.c.s.PostProcessorRegistrationDelegate$BeanPostProcessorChecker:376 - Bean 'jimuReportDao' of type [org.jeecgframework.minidao.factory.MiniDaoBeanFactory] is not eligible for getting processed by all BeanPostProcessors (for example: not eligible for auto-proxying)
2024-03-09 22:57:14.026 [main] INFO  o.s.boot.web.embedded.tomcat.TomcatWebServer:108 - Tomcat initialized with port(s): 8085 (http)
2024-03-09 22:57:14.027 [main] INFO  org.apache.catalina.core.AprLifecycleListener:173 - Loaded Apache Tomcat Native library [1.2.39] using APR version [1.7.4].
2024-03-09 22:57:14.027 [main] INFO  org.apache.catalina.core.AprLifecycleListener:173 - APR capabilities: IPv6 [true], sendfile [true], accept filters [false], random [true], UDS [true].
2024-03-09 22:57:14.027 [main] INFO  org.apache.catalina.core.AprLifecycleListener:173 - APR/OpenSSL configuration: useAprConnector [false], useOpenSSL [true]
2024-03-09 22:57:14.034 [main] INFO  org.apache.catalina.core.AprLifecycleListener:173 - OpenSSL successfully initialized [OpenSSL 3.0.11 19 Sep 2023]
2024-03-09 22:57:14.047 [main] INFO  org.apache.coyote.http11.Http11NioProtocol:173 - Initializing ProtocolHandler ["http-nio-8085"]
2024-03-09 22:57:14.047 [main] INFO  org.apache.catalina.core.StandardService:173 - Starting service [Tomcat]
2024-03-09 22:57:14.048 [main] INFO  org.apache.catalina.core.StandardEngine:173 - Starting Servlet engine: [Apache Tomcat/9.0.73]
2024-03-09 22:57:14.277 [main] INFO  o.a.c.core.ContainerBase.[Tomcat].[localhost].[/]:173 - Initializing Spring embedded WebApplicationContext
2024-03-09 22:57:14.277 [main] INFO  o.s.b.w.s.c.ServletWebServerApplicationContext:292 - Root WebApplicationContext: initialization completed in 1653 ms
2024-03-09 22:57:14.286 [main] INFO  o.j.m.jmreport.config.init.JimuReportConfiguration:90 -  Init JimuReport Config [ Token Interceptor & Resource Locations ] 
2024-03-09 22:57:14.607 [main] INFO  o.j.modules.jmreport.config.JmReportExecutorConfig:42 -  Init JimuReport Config [ 线程池 ] 
2024-03-09 22:57:15.052 [main] WARN  o.s.b.a.freemarker.FreeMarkerAutoConfiguration:65 - Cannot find template location(s): [classpath:/templates/] (please add some templates, check your FreeMarker configuration, or set spring.freemarker.check-template-location=false)
2024-03-09 22:57:15.123 [main] INFO  org.apache.coyote.http11.Http11NioProtocol:173 - Starting ProtocolHandler ["http-nio-8085"]
2024-03-09 22:57:15.138 [main] INFO  o.s.boot.web.embedded.tomcat.TomcatWebServer:220 - Tomcat started on port(s): 8085 (http) with context path ''
2024-03-09 22:57:15.147 [main] INFO  com.jeecg.modules.JimuReportApplication:61 - Started JimuReportApplication in 3.093 seconds (JVM running for 4.592)
2024-03-09 22:57:25.991 [http-nio-8085-exec-1] INFO  o.a.c.core.ContainerBase.[Tomcat].[localhost].[/]:173 - Initializing Spring DispatcherServlet 'dispatcherServlet'
2024-03-09 22:57:25.991 [http-nio-8085-exec-1] INFO  org.springframework.web.servlet.DispatcherServlet:525 - Initializing Servlet 'dispatcherServlet'
2024-03-09 22:57:25.993 [http-nio-8085-exec-1] INFO  org.springframework.web.servlet.DispatcherServlet:547 - Completed initialization in 2 ms
2024-03-09 22:57:28.353 [http-nio-8085-exec-6] INFO  com.zaxxer.hikari.HikariDataSource:110 - HikariPool-1 - Starting...
2024-03-09 22:57:28.552 [http-nio-8085-exec-6] INFO  com.zaxxer.hikari.HikariDataSource:123 - HikariPool-1 - Start completed.
2024-03-09 22:57:28.625 [http-nio-8085-exec-6] INFO  org.jeecgframework.minidao.aop.MiniDaoHandler:425 - page countsql===> SELECT count(0) FROM jimu_report jr LEFT JOIN jimu_report_share jrs ON jrs.report_id = jr.id WHERE 1 = 1 AND jr.TYPE = :jimuReport.type AND jr.DEL_FLAG = :jimuReport.delFlag AND jr.TEMPLATE = :jimuReport.template
2024-03-09 22:57:28.701 [http-nio-8085-exec-6] INFO  org.jeecgframework.minidao.aop.MiniDaoHandler:436 - page executeSql===> SELECT jr.ID,jr.NAME,jr.CODE,jr.TYPE,jr.template,jr.thumb,jrs.preview_url as shareViewUrl FROM jimu_report jr left join jimu_report_share jrs on jrs.report_id = jr.id WHERE 1=1 and jr.TYPE = :jimuReport.type and jr.DEL_FLAG = :jimuReport.delFlag and jr.TEMPLATE = :jimuReport.template ORDER BY jr.create_time DESC
 LIMIT 10 
2024-03-09 22:57:38.808 [http-nio-8085-exec-7] INFO  org.jeecg.modules.jmreport.desreport.a.a:247 - 进入设计器页面，Saas模式:  ,登录Token: 123456
2024-03-09 22:57:39.312 [http-nio-8085-exec-10] INFO  org.jeecg.modules.jmreport.desreport.a.a:247 - 进入设计器页面，Saas模式:  ,登录Token: 123456
2024-03-09 22:57:39.333 [http-nio-8085-exec-2] INFO  org.jeecg.modules.jmreport.desreport.a.a:247 - 进入设计器页面，Saas模式:  ,登录Token: 123456
2024-03-09 22:57:39.542 [http-nio-8085-exec-7] INFO  org.jeecg.modules.jmreport.desreport.a.a:247 - 进入设计器页面，Saas模式:  ,登录Token: 123456
2024-03-09 22:57:40.623 [http-nio-8085-exec-2] INFO  org.jeecgframework.minidao.aop.MiniDaoHandler:425 - page countsql===> SELECT count(0) FROM jimu_report_data_source jrds WHERE 1 = 1 AND jrds.TYPE = :jimuReportDataSource.type
2024-03-09 22:57:40.625 [http-nio-8085-exec-2] INFO  org.jeecgframework.minidao.aop.MiniDaoHandler:436 - page executeSql===> SELECT jrds.id,jrds.name,jrds.db_type FROM jimu_report_data_source jrds where 1=1 and jrds.TYPE = :jimuReportDataSource.type
 LIMIT 10 
2024-03-09 22:57:40.631 [http-nio-8085-exec-9] INFO  org.jeecgframework.minidao.aop.MiniDaoHandler:425 - page countsql===> SELECT count(0) FROM jimu_dict sd WHERE 1 = 1 AND sd.DEL_FLAG = :reportDict.delFlag
2024-03-09 22:57:40.634 [http-nio-8085-exec-9] INFO  org.jeecgframework.minidao.aop.MiniDaoHandler:436 - page executeSql===> SELECT * FROM jimu_dict sd where 1=1 and sd.DEL_FLAG = :reportDict.delFlag order by create_time desc
 LIMIT 10 
2024-03-09 22:57:40.652 [http-nio-8085-exec-1] INFO  org.jeecg.modules.jmreport.desreport.a.a:247 - 进入设计器页面，Saas模式:  ,登录Token: 123456
2024-03-09 22:57:41.573 [http-nio-8085-exec-5] INFO  org.jeecgframework.minidao.aop.MiniDaoHandler:425 - page countsql===> SELECT count(0) FROM jimu_report_data_source jrds WHERE 1 = 1 AND jrds.TYPE = :jimuReportDataSource.type
2024-03-09 22:57:41.571 [http-nio-8085-exec-2] INFO  org.jeecgframework.minidao.aop.MiniDaoHandler:425 - page countsql===> SELECT count(0) FROM jimu_dict sd WHERE 1 = 1 AND sd.DEL_FLAG = :reportDict.delFlag
2024-03-09 22:57:41.578 [http-nio-8085-exec-2] INFO  org.jeecgframework.minidao.aop.MiniDaoHandler:436 - page executeSql===> SELECT * FROM jimu_dict sd where 1=1 and sd.DEL_FLAG = :reportDict.delFlag order by create_time desc
 LIMIT 10 
2024-03-09 22:57:41.578 [http-nio-8085-exec-5] INFO  org.jeecgframework.minidao.aop.MiniDaoHandler:436 - page executeSql===> SELECT jrds.id,jrds.name,jrds.db_type FROM jimu_report_data_source jrds where 1=1 and jrds.TYPE = :jimuReportDataSource.type
 LIMIT 10 
2024-03-09 22:57:51.415 [http-nio-8085-exec-7] INFO  org.jeecgframework.minidao.aop.MiniDaoHandler:425 - page countsql===> SELECT count(0) FROM jimu_report jr LEFT JOIN jimu_report_share jrs ON jrs.report_id = jr.id WHERE 1 = 1 AND jr.TYPE = :jimuReport.type AND jr.DEL_FLAG = :jimuReport.delFlag AND jr.TEMPLATE = :jimuReport.template
2024-03-09 22:57:51.418 [http-nio-8085-exec-7] INFO  org.jeecgframework.minidao.aop.MiniDaoHandler:436 - page executeSql===> SELECT jr.ID,jr.NAME,jr.CODE,jr.TYPE,jr.template,jr.thumb,jrs.preview_url as shareViewUrl FROM jimu_report jr left join jimu_report_share jrs on jrs.report_id = jr.id WHERE 1=1 and jr.TYPE = :jimuReport.type and jr.DEL_FLAG = :jimuReport.delFlag and jr.TEMPLATE = :jimuReport.template ORDER BY jr.create_time DESC
 LIMIT 10 
2024-03-09 22:57:53.187 [http-nio-8085-exec-10] INFO  org.jeecg.modules.jmreport.desreport.a.a:247 - 进入设计器页面，Saas模式:  ,登录Token: 123456
2024-03-09 22:57:53.944 [http-nio-8085-exec-1] INFO  org.jeecg.modules.jmreport.desreport.a.a:247 - 进入设计器页面，Saas模式:  ,登录Token: 123456
2024-03-09 22:57:54.626 [http-nio-8085-exec-8] INFO  org.jeecgframework.minidao.aop.MiniDaoHandler:425 - page countsql===> SELECT count(0) FROM jimu_dict sd WHERE 1 = 1 AND sd.DEL_FLAG = :reportDict.delFlag
2024-03-09 22:57:54.629 [http-nio-8085-exec-8] INFO  org.jeecgframework.minidao.aop.MiniDaoHandler:436 - page executeSql===> SELECT * FROM jimu_dict sd where 1=1 and sd.DEL_FLAG = :reportDict.delFlag order by create_time desc
 LIMIT 10 
2024-03-09 22:57:54.632 [http-nio-8085-exec-4] INFO  org.jeecgframework.minidao.aop.MiniDaoHandler:425 - page countsql===> SELECT count(0) FROM jimu_report_data_source jrds WHERE 1 = 1 AND jrds.TYPE = :jimuReportDataSource.type
2024-03-09 22:57:54.634 [http-nio-8085-exec-4] INFO  org.jeecgframework.minidao.aop.MiniDaoHandler:436 - page executeSql===> SELECT jrds.id,jrds.name,jrds.db_type FROM jimu_report_data_source jrds where 1=1 and jrds.TYPE = :jimuReportDataSource.type
 LIMIT 10 
2024-03-09 22:57:55.083 [http-nio-8085-exec-7] ERROR org.jeecg.modules.jmreport.desreport.util.i:93 - class path resource [static/jmreport/desreport_/regionaljson/mapjson/shandong.json] cannot be opened because it does not exist
java.io.FileNotFoundException: class path resource [static/jmreport/desreport_/regionaljson/mapjson/shandong.json] cannot be opened because it does not exist
	at org.springframework.core.io.ClassPathResource.getInputStream(ClassPathResource.java:199)
	at org.jeecg.modules.jmreport.desreport.util.i.a(JsonUtil.java:90)
	at org.jeecg.modules.jmreport.desreport.util.i.a(JsonUtil.java:58)
	at org.jeecg.modules.jmreport.desreport.service.a.m.queryMapByCode(JmReportMapServiceImpl.java:63)
	at org.jeecg.modules.jmreport.desreport.a.e.c(JimuReportMapController.java:103)
	at sun.reflect.NativeMethodAccessorImpl.invoke0(Native Method)
	at sun.reflect.NativeMethodAccessorImpl.invoke(NativeMethodAccessorImpl.java:62)
	at sun.reflect.DelegatingMethodAccessorImpl.invoke(DelegatingMethodAccessorImpl.java:43)
	at java.lang.reflect.Method.invoke(Method.java:498)
	at org.springframework.web.method.support.InvocableHandlerMethod.doInvoke(InvocableHandlerMethod.java:205)
	at org.springframework.web.method.support.InvocableHandlerMethod.invokeForRequest(InvocableHandlerMethod.java:150)
	at org.springframework.web.servlet.mvc.method.annotation.ServletInvocableHandlerMethod.invokeAndHandle(ServletInvocableHandlerMethod.java:117)
	at org.springframework.web.servlet.mvc.method.annotation.RequestMappingHandlerAdapter.invokeHandlerMethod(RequestMappingHandlerAdapter.java:895)
	at org.springframework.web.servlet.mvc.method.annotation.RequestMappingHandlerAdapter.handleInternal(RequestMappingHandlerAdapter.java:808)
	at org.springframework.web.servlet.mvc.method.AbstractHandlerMethodAdapter.handle(AbstractHandlerMethodAdapter.java:87)
	at org.springframework.web.servlet.DispatcherServlet.doDispatch(DispatcherServlet.java:1072)
	at org.springframework.web.servlet.DispatcherServlet.doService(DispatcherServlet.java:965)
	at org.springframework.web.servlet.FrameworkServlet.processRequest(FrameworkServlet.java:1006)
	at org.springframework.web.servlet.FrameworkServlet.doPost(FrameworkServlet.java:909)
	at javax.servlet.http.HttpServlet.service(HttpServlet.java:528)
	at org.springframework.web.servlet.FrameworkServlet.service(FrameworkServlet.java:883)
	at javax.servlet.http.HttpServlet.service(HttpServlet.java:596)
	at org.apache.catalina.core.ApplicationFilterChain.internalDoFilter(ApplicationFilterChain.java:209)
	at org.apache.catalina.core.ApplicationFilterChain.doFilter(ApplicationFilterChain.java:153)
	at org.apache.tomcat.websocket.server.WsFilter.doFilter(WsFilter.java:53)
	at org.apache.catalina.core.ApplicationFilterChain.internalDoFilter(ApplicationFilterChain.java:178)
	at org.apache.catalina.core.ApplicationFilterChain.doFilter(ApplicationFilterChain.java:153)
	at org.jeecg.modules.jmreport.common.a.a.doFilter(JimuReportFilter.java:26)
	at org.apache.catalina.core.ApplicationFilterChain.internalDoFilter(ApplicationFilterChain.java:178)
	at org.apache.catalina.core.ApplicationFilterChain.doFilter(ApplicationFilterChain.java:153)
	at org.springframework.web.filter.RequestContextFilter.doFilterInternal(RequestContextFilter.java:100)
	at org.springframework.web.filter.OncePerRequestFilter.doFilter(OncePerRequestFilter.java:117)
	at org.apache.catalina.core.ApplicationFilterChain.internalDoFilter(ApplicationFilterChain.java:178)
	at org.apache.catalina.core.ApplicationFilterChain.doFilter(ApplicationFilterChain.java:153)
	at org.springframework.web.filter.FormContentFilter.doFilterInternal(FormContentFilter.java:93)
	at org.springframework.web.filter.OncePerRequestFilter.doFilter(OncePerRequestFilter.java:117)
	at org.apache.catalina.core.ApplicationFilterChain.internalDoFilter(ApplicationFilterChain.java:178)
	at org.apache.catalina.core.ApplicationFilterChain.doFilter(ApplicationFilterChain.java:153)
	at org.springframework.web.filter.CharacterEncodingFilter.doFilterInternal(CharacterEncodingFilter.java:201)
	at org.springframework.web.filter.OncePerRequestFilter.doFilter(OncePerRequestFilter.java:117)
	at org.apache.catalina.core.ApplicationFilterChain.internalDoFilter(ApplicationFilterChain.java:178)
	at org.apache.catalina.core.ApplicationFilterChain.doFilter(ApplicationFilterChain.java:153)
	at org.apache.catalina.core.StandardWrapperValve.invoke(StandardWrapperValve.java:167)
	at org.apache.catalina.core.StandardContextValve.invoke(StandardContextValve.java:90)
	at org.apache.catalina.authenticator.AuthenticatorBase.invoke(AuthenticatorBase.java:492)
	at org.apache.catalina.core.StandardHostValve.invoke(StandardHostValve.java:130)
	at org.apache.catalina.valves.ErrorReportValve.invoke(ErrorReportValve.java:93)
	at org.apache.catalina.core.StandardEngineValve.invoke(StandardEngineValve.java:74)
	at org.apache.catalina.connector.CoyoteAdapter.service(CoyoteAdapter.java:343)
	at org.apache.coyote.http11.Http11Processor.service(Http11Processor.java:389)
	at org.apache.coyote.AbstractProcessorLight.process(AbstractProcessorLight.java:63)
	at org.apache.coyote.AbstractProtocol$ConnectionHandler.process(AbstractProtocol.java:926)
	at org.apache.tomcat.util.net.NioEndpoint$SocketProcessor.doRun(NioEndpoint.java:1791)
	at org.apache.tomcat.util.net.SocketProcessorBase.run(SocketProcessorBase.java:49)
	at org.apache.tomcat.util.threads.ThreadPoolExecutor.runWorker(ThreadPoolExecutor.java:1191)
	at org.apache.tomcat.util.threads.ThreadPoolExecutor$Worker.run(ThreadPoolExecutor.java:659)
	at org.apache.tomcat.util.threads.TaskThread$WrappingRunnable.run(TaskThread.java:61)
	at java.lang.Thread.run(Thread.java:750)
2024-03-09 22:57:55.083 [http-nio-8085-exec-7] ERROR org.jeecg.modules.jmreport.desreport.util.i:77 - \opt\upload\mapjson\shandong.json (系统找不到指定的路径。)
java.io.FileNotFoundException: \opt\upload\mapjson\shandong.json (系统找不到指定的路径。)
	at java.io.FileInputStream.open0(Native Method)
	at java.io.FileInputStream.open(FileInputStream.java:195)
	at java.io.FileInputStream.<init>(FileInputStream.java:138)
	at java.io.FileInputStream.<init>(FileInputStream.java:93)
	at org.jeecg.modules.jmreport.desreport.util.i.b(JsonUtil.java:74)
	at org.jeecg.modules.jmreport.desreport.util.i.a(JsonUtil.java:60)
	at org.jeecg.modules.jmreport.desreport.service.a.m.queryMapByCode(JmReportMapServiceImpl.java:63)
	at org.jeecg.modules.jmreport.desreport.a.e.c(JimuReportMapController.java:103)
	at sun.reflect.NativeMethodAccessorImpl.invoke0(Native Method)
	at sun.reflect.NativeMethodAccessorImpl.invoke(NativeMethodAccessorImpl.java:62)
	at sun.reflect.DelegatingMethodAccessorImpl.invoke(DelegatingMethodAccessorImpl.java:43)
	at java.lang.reflect.Method.invoke(Method.java:498)
	at org.springframework.web.method.support.InvocableHandlerMethod.doInvoke(InvocableHandlerMethod.java:205)
	at org.springframework.web.method.support.InvocableHandlerMethod.invokeForRequest(InvocableHandlerMethod.java:150)
	at org.springframework.web.servlet.mvc.method.annotation.ServletInvocableHandlerMethod.invokeAndHandle(ServletInvocableHandlerMethod.java:117)
	at org.springframework.web.servlet.mvc.method.annotation.RequestMappingHandlerAdapter.invokeHandlerMethod(RequestMappingHandlerAdapter.java:895)
	at org.springframework.web.servlet.mvc.method.annotation.RequestMappingHandlerAdapter.handleInternal(RequestMappingHandlerAdapter.java:808)
	at org.springframework.web.servlet.mvc.method.AbstractHandlerMethodAdapter.handle(AbstractHandlerMethodAdapter.java:87)
	at org.springframework.web.servlet.DispatcherServlet.doDispatch(DispatcherServlet.java:1072)
	at org.springframework.web.servlet.DispatcherServlet.doService(DispatcherServlet.java:965)
	at org.springframework.web.servlet.FrameworkServlet.processRequest(FrameworkServlet.java:1006)
	at org.springframework.web.servlet.FrameworkServlet.doPost(FrameworkServlet.java:909)
	at javax.servlet.http.HttpServlet.service(HttpServlet.java:528)
	at org.springframework.web.servlet.FrameworkServlet.service(FrameworkServlet.java:883)
	at javax.servlet.http.HttpServlet.service(HttpServlet.java:596)
	at org.apache.catalina.core.ApplicationFilterChain.internalDoFilter(ApplicationFilterChain.java:209)
	at org.apache.catalina.core.ApplicationFilterChain.doFilter(ApplicationFilterChain.java:153)
	at org.apache.tomcat.websocket.server.WsFilter.doFilter(WsFilter.java:53)
	at org.apache.catalina.core.ApplicationFilterChain.internalDoFilter(ApplicationFilterChain.java:178)
	at org.apache.catalina.core.ApplicationFilterChain.doFilter(ApplicationFilterChain.java:153)
	at org.jeecg.modules.jmreport.common.a.a.doFilter(JimuReportFilter.java:26)
	at org.apache.catalina.core.ApplicationFilterChain.internalDoFilter(ApplicationFilterChain.java:178)
	at org.apache.catalina.core.ApplicationFilterChain.doFilter(ApplicationFilterChain.java:153)
	at org.springframework.web.filter.RequestContextFilter.doFilterInternal(RequestContextFilter.java:100)
	at org.springframework.web.filter.OncePerRequestFilter.doFilter(OncePerRequestFilter.java:117)
	at org.apache.catalina.core.ApplicationFilterChain.internalDoFilter(ApplicationFilterChain.java:178)
	at org.apache.catalina.core.ApplicationFilterChain.doFilter(ApplicationFilterChain.java:153)
	at org.springframework.web.filter.FormContentFilter.doFilterInternal(FormContentFilter.java:93)
	at org.springframework.web.filter.OncePerRequestFilter.doFilter(OncePerRequestFilter.java:117)
	at org.apache.catalina.core.ApplicationFilterChain.internalDoFilter(ApplicationFilterChain.java:178)
	at org.apache.catalina.core.ApplicationFilterChain.doFilter(ApplicationFilterChain.java:153)
	at org.springframework.web.filter.CharacterEncodingFilter.doFilterInternal(CharacterEncodingFilter.java:201)
	at org.springframework.web.filter.OncePerRequestFilter.doFilter(OncePerRequestFilter.java:117)
	at org.apache.catalina.core.ApplicationFilterChain.internalDoFilter(ApplicationFilterChain.java:178)
	at org.apache.catalina.core.ApplicationFilterChain.doFilter(ApplicationFilterChain.java:153)
	at org.apache.catalina.core.StandardWrapperValve.invoke(StandardWrapperValve.java:167)
	at org.apache.catalina.core.StandardContextValve.invoke(StandardContextValve.java:90)
	at org.apache.catalina.authenticator.AuthenticatorBase.invoke(AuthenticatorBase.java:492)
	at org.apache.catalina.core.StandardHostValve.invoke(StandardHostValve.java:130)
	at org.apache.catalina.valves.ErrorReportValve.invoke(ErrorReportValve.java:93)
	at org.apache.catalina.core.StandardEngineValve.invoke(StandardEngineValve.java:74)
	at org.apache.catalina.connector.CoyoteAdapter.service(CoyoteAdapter.java:343)
	at org.apache.coyote.http11.Http11Processor.service(Http11Processor.java:389)
	at org.apache.coyote.AbstractProcessorLight.process(AbstractProcessorLight.java:63)
	at org.apache.coyote.AbstractProtocol$ConnectionHandler.process(AbstractProtocol.java:926)
	at org.apache.tomcat.util.net.NioEndpoint$SocketProcessor.doRun(NioEndpoint.java:1791)
	at org.apache.tomcat.util.net.SocketProcessorBase.run(SocketProcessorBase.java:49)
	at org.apache.tomcat.util.threads.ThreadPoolExecutor.runWorker(ThreadPoolExecutor.java:1191)
	at org.apache.tomcat.util.threads.ThreadPoolExecutor$Worker.run(ThreadPoolExecutor.java:659)
	at org.apache.tomcat.util.threads.TaskThread$WrappingRunnable.run(TaskThread.java:61)
	at java.lang.Thread.run(Thread.java:750)
2024-03-09 22:57:55.758 [http-nio-8085-exec-8] INFO  org.jeecgframework.minidao.aop.MiniDaoHandler:425 - page countsql===> SELECT count(0) FROM jimu_report_map jrm WHERE 1 = 1 AND jrm.NAME = :jimuReportMap.name AND jrm.DEL_FLAG = :jimuReportMap.delFlag
2024-03-09 22:57:55.760 [http-nio-8085-exec-8] INFO  org.jeecgframework.minidao.aop.MiniDaoHandler:436 - page executeSql===> SELECT * FROM jimu_report_map jrm where 1=1 and jrm.NAME = :jimuReportMap.name and jrm.DEL_FLAG = :jimuReportMap.delFlag
 LIMIT 10 
2024-03-09 22:58:31.558 [SpringApplicationShutdownHook] INFO  com.zaxxer.hikari.HikariDataSource:350 - HikariPool-1 - Shutdown initiated...
2024-03-09 22:58:31.562 [SpringApplicationShutdownHook] INFO  com.zaxxer.hikari.HikariDataSource:352 - HikariPool-1 - Shutdown completed.
